<?xml version="1.0" encoding="UTF-8"?>
<!-- Generated by org.testng.reporters.JUnitReportReporter -->
<testsuite skipped="0" hostname="DESKTOP-10VEDPT" name="tests.SmokeTest" tests="1" failures="0" timestamp="23 Sep 2017 19:27:33 GMT" time="19.986" errors="0">
  <testcase name="test1" time="19.986" classname="tests.SmokeTest"/>
</testsuite> <!-- tests.SmokeTest -->
