<?xml version="1.0" encoding="UTF-8"?>
<!-- Generated by org.testng.reporters.JUnitReportReporter -->
<testsuite skipped="0" hostname="DESKTOP-10VEDPT" name="tests.HomePage" tests="1" failures="0" timestamp="18 Sep 2017 23:48:54 GMT" time="6.220" errors="0">
  <testcase name="test" time="6.220" classname="tests.HomePage"/>
</testsuite> <!-- tests.HomePage -->
